<?xml version="1.0" encoding="UTF-8"?>
<testng-results skipped="0" failed="0" ignored="0" total="1" passed="1">
  <reporter-output>
  </reporter-output>
  <suite name="Default suite" duration-ms="18715" started-at="2017-09-03T08:03:08Z" finished-at="2017-09-03T08:03:27Z">
    <groups>
    </groups>
    <test name="Default test" duration-ms="18715" started-at="2017-09-03T08:03:08Z" finished-at="2017-09-03T08:03:27Z">
      <class name="com.ebay.pom.testcases.BuyProductTestCase">
        <test-method status="PASS" signature="BuyProductTC()[pri:0, instance:com.ebay.pom.testcases.BuyProductTestCase@3c756e4d]" name="BuyProductTC" duration-ms="18691" started-at="2017-09-03T13:33:08Z" finished-at="2017-09-03T13:33:27Z">
          <reporter-output>
          </reporter-output>
        </test-method> <!-- BuyProductTC -->
      </class> <!-- com.ebay.pom.testcases.BuyProductTestCase -->
    </test> <!-- Default test -->
  </suite> <!-- Default suite -->
</testng-results>
